<?xml version="1.0" encoding="UTF-8"?>
<!-- Generated by org.testng.reporters.JUnitReportReporter -->
<testsuite hostname="Sayeed-Laptop" failures="0" tests="8" name="dataProvider.dataProviderTest1" time="0.148" errors="0" timestamp="2023-06-13T21:48:12 EDT" skipped="0">
  <testcase classname="dataProvider.dataProviderTest1" name="dataTest" time="0.002"/>
  <testcase classname="dataProvider.dataProviderTest1" name="dataTest" time="0.011"/>
  <testcase classname="dataProvider.dataProviderTest1" name="dataTest" time="0.080"/>
  <testcase classname="dataProvider.dataProviderTest1" name="dataTest1" time="0.009"/>
  <testcase classname="dataProvider.dataProviderTest1" name="dataTest1" time="0.016"/>
  <testcase classname="dataProvider.dataProviderTest1" name="dataTest" time="0.009"/>
  <testcase classname="dataProvider.dataProviderTest1" name="dataTest1" time="0.007"/>
  <testcase classname="dataProvider.dataProviderTest1" name="dataTest1" time="0.014"/>
</testsuite> <!-- dataProvider.dataProviderTest1 -->
