<?xml version="1.0" encoding="UTF-8"?>
<!-- Generated by org.testng.reporters.JUnitReportReporter -->
<testsuite hostname="Sayeed-Laptop" failures="0" tests="1" name="TestListener.listenerDemo" time="1.014" errors="0" timestamp="2023-06-17T12:19:50 EDT" skipped="0">
  <testcase classname="TestListener.listenerDemo" name="lunchApplication" time="1.014"/>
</testsuite> <!-- TestListener.listenerDemo -->
