<?xml version="1.0" encoding="UTF-8"?>
<!-- Generated by org.testng.reporters.JUnitReportReporter -->
<testsuite hostname="Sayeed-Laptop" failures="0" tests="2" name="UI.Test1" time="0.012" errors="0" timestamp="2023-06-16T22:12:28 EDT" skipped="1">
  <testcase classname="UI.Test1" name="LoginTest" time="0.012"/>
  <testcase classname="UI.Test1" name="LoginTest2">
    <skipped/>
  </testcase> <!-- LoginTest2 -->
</testsuite> <!-- UI.Test1 -->
