<?xml version="1.0" encoding="UTF-8"?>
<!-- Generated by org.testng.reporters.JUnitReportReporter -->
<testsuite hostname="Sayeed-Laptop" failures="0" tests="3" name="dataProvider.dataStructureDataProvider" time="0.016" errors="0" timestamp="2023-06-17T08:17:23 EDT" skipped="0">
  <testcase classname="dataProvider.dataStructureDataProvider" name="dataStructureTest" time="0.006"/>
  <testcase classname="dataProvider.dataStructureDataProvider" name="dataStructureTest" time="0.008"/>
  <testcase classname="dataProvider.dataStructureDataProvider" name="dataStructureTest" time="0.002"/>
</testsuite> <!-- dataProvider.dataStructureDataProvider -->
