<?xml version="1.0" encoding="UTF-8"?>
<!-- Generated by org.testng.reporters.JUnitReportReporter -->
<testsuite hostname="Sayeed-Laptop" failures="0" tests="12" name="dataProvider.dataProviderTest" time="0.057" errors="0" timestamp="2023-06-16T22:03:41 EDT" skipped="0">
  <testcase classname="dataProvider.dataProviderTest" name="ExternaldataTest" time="0.003"/>
  <testcase classname="dataProvider.dataProviderTest" name="ExternaldataTest" time="0.002"/>
  <testcase classname="dataProvider.dataProviderTest" name="dataTest" time="0.008"/>
  <testcase classname="dataProvider.dataProviderTest" name="dataTest" time="0.003"/>
  <testcase classname="dataProvider.dataProviderTest" name="dataTest1" time="0.006"/>
  <testcase classname="dataProvider.dataProviderTest" name="ExternaldataTest" time="0.004"/>
  <testcase classname="dataProvider.dataProviderTest" name="dataTest" time="0.004"/>
  <testcase classname="dataProvider.dataProviderTest" name="dataTest" time="0.006"/>
  <testcase classname="dataProvider.dataProviderTest" name="dataTest1" time="0.003"/>
  <testcase classname="dataProvider.dataProviderTest" name="dataTest1" time="0.005"/>
  <testcase classname="dataProvider.dataProviderTest" name="ExternaldataTest" time="0.011"/>
  <testcase classname="dataProvider.dataProviderTest" name="dataTest1" time="0.002"/>
</testsuite> <!-- dataProvider.dataProviderTest -->
